execve("/bin/cp", ["cp", "file.hole", "file.hole.copy"], [/* 23 vars */]) = 0
brk(0)                                  = 0x9fae000
mmap2(NULL, 4096, PROT_READ|PROT_WRITE, MAP_PRIVATE|MAP_ANONYMOUS, -1, 0) = 0xb771a000
access("/etc/ld.so.preload", R_OK)      = -1 ENOENT (No such file or directory)
open("/etc/ld.so.cache", O_RDONLY)      = 3
fstat64(3, {st_mode=S_IFREG|0644, st_size=16428, ...}) = 0
mmap2(NULL, 16428, PROT_READ, MAP_PRIVATE, 3, 0) = 0xb7715000
close(3)                                = 0
open("/lib/libselinux.so.1", O_RDONLY)  = 3
read(3, "\177ELF\1\1\1\0\0\0\0\0\0\0\0\0\3\0\3\0\1\0\0\0\220C\0\0004\0\0\0"..., 512) = 512
fstat64(3, {st_mode=S_IFREG|0755, st_size=120780, ...}) = 0
mmap2(NULL, 125956, PROT_READ|PROT_EXEC, MAP_PRIVATE|MAP_DENYWRITE, 3, 0) = 0xcd9000
mmap2(0xcf6000, 8192, PROT_READ|PROT_WRITE, MAP_PRIVATE|MAP_FIXED|MAP_DENYWRITE, 3, 0x1c) = 0xcf6000
close(3)                                = 0
open("/lib/librt.so.1", O_RDONLY)       = 3
read(3, "\177ELF\1\1\1\0\0\0\0\0\0\0\0\0\3\0\3\0\1\0\0\0\200\30\0\0004\0\0\0"..., 512) = 512
fstat64(3, {st_mode=S_IFREG|0755, st_size=39676, ...}) = 0
mmap2(NULL, 33332, PROT_READ|PROT_EXEC, MAP_PRIVATE|MAP_DENYWRITE, 3, 0) = 0x4ad000
mmap2(0x4b4000, 8192, PROT_READ|PROT_WRITE, MAP_PRIVATE|MAP_FIXED|MAP_DENYWRITE, 3, 0x6) = 0x4b4000
close(3)                                = 0
open("/lib/libacl.so.1", O_RDONLY)      = 3
read(3, "\177ELF\1\1\1\0\0\0\0\0\0\0\0\0\3\0\3\0\1\0\0\0p\26\0\0004\0\0\0"..., 512) = 512
fstat64(3, {st_mode=S_IFREG|0755, st_size=30364, ...}) = 0
mmap2(NULL, 33092, PROT_READ|PROT_EXEC, MAP_PRIVATE|MAP_DENYWRITE, 3, 0) = 0xa49000
mmap2(0xa50000, 8192, PROT_READ|PROT_WRITE, MAP_PRIVATE|MAP_FIXED|MAP_DENYWRITE, 3, 0x6) = 0xa50000
close(3)                                = 0
open("/lib/libattr.so.1", O_RDONLY)     = 3
read(3, "\177ELF\1\1\1\0\0\0\0\0\0\0\0\0\3\0\3\0\1\0\0\0P\16\0\0004\0\0\0"..., 512) = 512
fstat64(3, {st_mode=S_IFREG|0755, st_size=17904, ...}) = 0
mmap2(NULL, 20660, PROT_READ|PROT_EXEC, MAP_PRIVATE|MAP_DENYWRITE, 3, 0) = 0xf7e000
mmap2(0xf82000, 8192, PROT_READ|PROT_WRITE, MAP_PRIVATE|MAP_FIXED|MAP_DENYWRITE, 3, 0x3) = 0xf82000
close(3)                                = 0
open("/lib/libc.so.6", O_RDONLY)        = 3
read(3, "\177ELF\1\1\1\3\0\0\0\0\0\0\0\0\3\0\3\0\1\0\0\0@n\1\0004\0\0\0"..., 512) = 512
fstat64(3, {st_mode=S_IFREG|0755, st_size=1898576, ...}) = 0
mmap2(NULL, 4096, PROT_READ|PROT_WRITE, MAP_PRIVATE|MAP_ANONYMOUS, -1, 0) = 0xb7714000
mmap2(NULL, 1661320, PROT_READ|PROT_EXEC, MAP_PRIVATE|MAP_DENYWRITE, 3, 0) = 0x701000
mmap2(0x891000, 12288, PROT_READ|PROT_WRITE, MAP_PRIVATE|MAP_FIXED|MAP_DENYWRITE, 3, 0x18f) = 0x891000
mmap2(0x894000, 10632, PROT_READ|PROT_WRITE, MAP_PRIVATE|MAP_FIXED|MAP_ANONYMOUS, -1, 0) = 0x894000
close(3)                                = 0
open("/lib/libdl.so.2", O_RDONLY)       = 3
read(3, "\177ELF\1\1\1\0\0\0\0\0\0\0\0\0\3\0\3\0\1\0\0\0`\n\0\0004\0\0\0"..., 512) = 512
fstat64(3, {st_mode=S_IFREG|0755, st_size=17892, ...}) = 0
mmap2(NULL, 16500, PROT_READ|PROT_EXEC, MAP_PRIVATE|MAP_DENYWRITE, 3, 0) = 0x55b000
mmap2(0x55e000, 8192, PROT_READ|PROT_WRITE, MAP_PRIVATE|MAP_FIXED|MAP_DENYWRITE, 3, 0x2) = 0x55e000
close(3)                                = 0
open("/lib/libpthread.so.0", O_RDONLY)  = 3
read(3, "\177ELF\1\1\1\0\0\0\0\0\0\0\0\0\3\0\3\0\1\0\0\0\260L\0\0004\0\0\0"..., 512) = 512
fstat64(3, {st_mode=S_IFREG|0755, st_size=131080, ...}) = 0
mmap2(NULL, 106976, PROT_READ|PROT_EXEC, MAP_PRIVATE|MAP_DENYWRITE, 3, 0) = 0x6b9000
mmap2(0x6d0000, 8192, PROT_READ|PROT_WRITE, MAP_PRIVATE|MAP_FIXED|MAP_DENYWRITE, 3, 0x16) = 0x6d0000
mmap2(0x6d2000, 4576, PROT_READ|PROT_WRITE, MAP_PRIVATE|MAP_FIXED|MAP_ANONYMOUS, -1, 0) = 0x6d2000
close(3)                                = 0
mmap2(NULL, 4096, PROT_READ|PROT_WRITE, MAP_PRIVATE|MAP_ANONYMOUS, -1, 0) = 0xb7713000
mmap2(NULL, 4096, PROT_READ|PROT_WRITE, MAP_PRIVATE|MAP_ANONYMOUS, -1, 0) = 0xb7712000
set_thread_area({entry_number:-1 -> 6, base_addr:0xb7712720, limit:1048575, seg_32bit:1, contents:0, read_exec_only:0, limit_in_pages:1, seg_not_present:0, useable:1}) = 0
mprotect(0x6d0000, 4096, PROT_READ)     = 0
mprotect(0x55e000, 4096, PROT_READ)     = 0
mprotect(0x891000, 8192, PROT_READ)     = 0
mprotect(0xf82000, 4096, PROT_READ)     = 0
mprotect(0xa50000, 4096, PROT_READ)     = 0
mprotect(0x4b4000, 4096, PROT_READ)     = 0
mprotect(0xcf6000, 4096, PROT_READ)     = 0
mprotect(0x5de000, 4096, PROT_READ)     = 0
munmap(0xb7715000, 16428)               = 0
set_tid_address(0xb7712788)             = 8261
set_robust_list(0xb7712790, 0xc)        = 0
futex(0xbf8d3c30, FUTEX_WAKE_PRIVATE, 1) = 0
futex(0xbf8d3c30, FUTEX_WAIT_BITSET_PRIVATE|FUTEX_CLOCK_REALTIME, 1, NULL, bf8d3c40) = -1 EAGAIN (Resource temporarily unavailable)
rt_sigaction(SIGRTMIN, {0x6bd6e0, [], SA_SIGINFO}, NULL, 8) = 0
rt_sigaction(SIGRT_1, {0x6bdb80, [], SA_RESTART|SA_SIGINFO}, NULL, 8) = 0
rt_sigprocmask(SIG_UNBLOCK, [RTMIN RT_1], NULL, 8) = 0
getrlimit(RLIMIT_STACK, {rlim_cur=10240*1024, rlim_max=RLIM_INFINITY}) = 0
uname({sys="Linux", node="cent.localdomain", ...}) = 0
statfs64("/selinux", 84, {f_type="EXT2_SUPER_MAGIC", f_bsize=4096, f_blocks=647064, f_bfree=340081, f_bavail=307211, f_files=164640, f_ffree=115032, f_fsid={816764497, -1421209079}, f_namelen=255, f_frsize=4096}) = 0
brk(0)                                  = 0x9fae000
brk(0x9fcf000)                          = 0x9fcf000
open("/proc/filesystems", O_RDONLY|O_LARGEFILE) = 3
fstat64(3, {st_mode=S_IFREG|0444, st_size=0, ...}) = 0
mmap2(NULL, 4096, PROT_READ|PROT_WRITE, MAP_PRIVATE|MAP_ANONYMOUS, -1, 0) = 0xb7719000
read(3, "nodev\tsysfs\nnodev\trootfs\nnodev\tb"..., 1024) = 321
read(3, "", 1024)                       = 0
close(3)                                = 0
munmap(0xb7719000, 4096)                = 0
open("/usr/lib/locale/locale-archive", O_RDONLY|O_LARGEFILE) = 3
fstat64(3, {st_mode=S_IFREG|0644, st_size=99158544, ...}) = 0
mmap2(NULL, 2097152, PROT_READ, MAP_PRIVATE, 3, 0) = 0xb7512000
close(3)                                = 0
open("/proc/filesystems", O_RDONLY|O_LARGEFILE) = 3
fstat64(3, {st_mode=S_IFREG|0444, st_size=0, ...}) = 0
mmap2(NULL, 4096, PROT_READ|PROT_WRITE, MAP_PRIVATE|MAP_ANONYMOUS, -1, 0) = 0xb7719000
read(3, "nodev\tsysfs\nnodev\trootfs\nnodev\tb"..., 1024) = 321
read(3, "", 1024)                       = 0
close(3)                                = 0
munmap(0xb7719000, 4096)                = 0
geteuid32()                             = 0
stat64("file.hole.copy", {st_mode=S_IFREG|0644, st_size=16394, ...}) = 0
stat64("file.hole", {st_mode=S_IFREG|0644, st_size=16394, ...}) = 0
stat64("file.hole.copy", {st_mode=S_IFREG|0644, st_size=16394, ...}) = 0
open("file.hole", O_RDONLY|O_LARGEFILE) = 3
fstat64(3, {st_mode=S_IFREG|0644, st_size=16394, ...}) = 0
open("file.hole.copy", O_WRONLY|O_TRUNC|O_LARGEFILE) = 4
fstat64(4, {st_mode=S_IFREG|0644, st_size=0, ...}) = 0
read(3, "abcdefghij\0\0\0\0\0\0\0\0\0\0\0\0\0\0\0\0\0\0\0\0\0\0"..., 32768) = 16394
write(4, "abcdefghij\0\0\0\0\0\0\0\0\0\0\0\0\0\0\0\0\0\0\0\0\0\0"..., 16394) = 16394
read(3, "", 32768)                      = 0
close(4)                                = 0
close(3)                                = 0
close(0)                                = 0
close(1)                                = 0
close(2)                                = 0
exit_group(0)                           = ?
